tester.py:56: DeprecationWarning: datetime.datetime.utcnow() is deprecated and scheduled for removal in a future version. Use timezone-aware objects to represent datetimes in UTC: datetime.datetime.now(datetime.UTC).
g++ (Ubuntu 13.2.0-23ubuntu4) 13.2.0
Copyright (C) 2023 Free Software Foundation, Inc.
This is free software; see the source for copying conditions.  There is NO
warranty; not even for MERCHANTABILITY or FITNESS FOR A PARTICULAR PURPOSE.

ex1.cpp: In function ‘int main()’:
ex1.cpp:5:34: error: ‘endl’ was not declared in this scope; did you mean ‘std::endl’?
    5 |     std::cout << "Hello world!"<<endl;
      |                                  ^~~~
      |                                  std::endl
In file included from /usr/include/c++/13/iostream:41,
                 from ex1.cpp:1:
/usr/include/c++/13/ostream:735:5: note: ‘std::endl’ declared here
  735 |     endl(basic_ostream<_CharT, _Traits>& __os)
      |     ^~~~
ex1.cpp: In function ‘int main()’:
ex1.cpp:5:34: error: ‘endl’ was not declared in this scope; did you mean ‘std::endl’?
    5 |     std::cout << "Hello world!"<<endl;
      |                                  ^~~~
      |                                  std::endl
In file included from /usr/include/c++/13/iostream:41,
                 from ex1.cpp:1:
/usr/include/c++/13/ostream:735:5: note: ‘std::endl’ declared here
  735 |     endl(basic_ostream<_CharT, _Traits>& __os)
      |     ^~~~
ex1.cpp: In function ‘int main()’:
ex1.cpp:5:34: error: ‘endl’ was not declared in this scope; did you mean ‘std::endl’?
    5 |     std::cout << "Hello world!"<<endl;
      |                                  ^~~~
      |                                  std::endl
In file included from /usr/include/c++/13/iostream:41,
                 from ex1.cpp:1:
/usr/include/c++/13/ostream:735:5: note: ‘std::endl’ declared here
  735 |     endl(basic_ostream<_CharT, _Traits>& __os)
      |     ^~~~
ex1.cpp: In function ‘int main()’:
ex1.cpp:5:34: error: ‘endl’ was not declared in this scope; did you mean ‘std::endl’?
    5 |     std::cout << "Hello world!"<<endl;
      |                                  ^~~~
      |                                  std::endl
In file included from /usr/include/c++/13/iostream:41,
                 from ex1.cpp:1:
/usr/include/c++/13/ostream:735:5: note: ‘std::endl’ declared here
  735 |     endl(basic_ostream<_CharT, _Traits>& __os)
      |     ^~~~
ex1.cpp: In function ‘int main()’:
ex1.cpp:5:34: error: ‘endl’ was not declared in this scope; did you mean ‘std::endl’?
    5 |     std::cout << "Hello world!"<<endl;
      |                                  ^~~~
      |                                  std::endl
In file included from /usr/include/c++/13/iostream:41,
                 from ex1.cpp:1:
/usr/include/c++/13/ostream:735:5: note: ‘std::endl’ declared here
  735 |     endl(basic_ostream<_CharT, _Traits>& __os)
      |     ^~~~
ex1.cpp: In function ‘int main()’:
ex1.cpp:5:34: error: ‘endl’ was not declared in this scope; did you mean ‘std::endl’?
    5 |     std::cout << "Hello world!"<<endl;
      |                                  ^~~~
      |                                  std::endl
In file included from /usr/include/c++/13/iostream:41,
                 from ex1.cpp:1:
/usr/include/c++/13/ostream:735:5: note: ‘std::endl’ declared here
  735 |     endl(basic_ostream<_CharT, _Traits>& __os)
      |     ^~~~
ex1.cpp: In function ‘int main()’:
ex1.cpp:5:34: error: ‘endl’ was not declared in this scope; did you mean ‘std::endl’?
    5 |     std::cout << "Hello world!"<<endl;
      |                                  ^~~~
      |                                  std::endl
In file included from /usr/include/c++/13/iostream:41,
                 from ex1.cpp:1:
/usr/include/c++/13/ostream:735:5: note: ‘std::endl’ declared here
  735 |     endl(basic_ostream<_CharT, _Traits>& __os)
      |     ^~~~
ex1.cpp: In function ‘int main()’:
ex1.cpp:5:34: error: ‘endl’ was not declared in this scope; did you mean ‘std::endl’?
    5 |     std::cout << "Hello world!"<<endl;
      |                                  ^~~~
      |                                  std::endl
In file included from /usr/include/c++/13/iostream:41,
                 from ex1.cpp:1:
/usr/include/c++/13/ostream:735:5: note: ‘std::endl’ declared here
  735 |     endl(basic_ostream<_CharT, _Traits>& __os)
      |     ^~~~
ex1.cpp: In function ‘int main()’:
ex1.cpp:5:34: error: ‘endl’ was not declared in this scope; did you mean ‘std::endl’?
    5 |     std::cout << "Hello world!"<<endl;
      |                                  ^~~~
      |                                  std::endl
In file included from /usr/include/c++/13/iostream:41,
                 from ex1.cpp:1:
/usr/include/c++/13/ostream:735:5: note: ‘std::endl’ declared here
  735 |     endl(basic_ostream<_CharT, _Traits>& __os)
      |     ^~~~
ex1.cpp: In function ‘int main()’:
ex1.cpp:5:34: error: ‘endl’ was not declared in this scope; did you mean ‘std::endl’?
    5 |     std::cout << "Hello world!"<<endl;
      |                                  ^~~~
      |                                  std::endl
In file included from /usr/include/c++/13/iostream:41,
                 from ex1.cpp:1:
/usr/include/c++/13/ostream:735:5: note: ‘std::endl’ declared here
  735 |     endl(basic_ostream<_CharT, _Traits>& __os)
      |     ^~~~
ex1.cpp: In function ‘int main()’:
ex1.cpp:5:34: error: ‘endl’ was not declared in this scope; did you mean ‘std::endl’?
    5 |     std::cout << "Hello world!"<<endl;
      |                                  ^~~~
      |                                  std::endl
In file included from /usr/include/c++/13/iostream:41,
                 from ex1.cpp:1:
/usr/include/c++/13/ostream:735:5: note: ‘std::endl’ declared here
  735 |     endl(basic_ostream<_CharT, _Traits>& __os)
      |     ^~~~
ex1.cpp: In function ‘int main()’:
ex1.cpp:5:34: error: ‘endl’ was not declared in this scope; did you mean ‘std::endl’?
    5 |     std::cout << "Hello world!"<<endl;
      |                                  ^~~~
      |                                  std::endl
In file included from /usr/include/c++/13/iostream:41,
                 from ex1.cpp:1:
/usr/include/c++/13/ostream:735:5: note: ‘std::endl’ declared here
  735 |     endl(basic_ostream<_CharT, _Traits>& __os)
      |     ^~~~
ex1.cpp: In function ‘int main()’:
ex1.cpp:5:34: error: ‘endl’ was not declared in this scope; did you mean ‘std::endl’?
    5 |     std::cout << "Hello world!"<<endl;
      |                                  ^~~~
      |                                  std::endl
In file included from /usr/include/c++/13/iostream:41,
                 from ex1.cpp:1:
/usr/include/c++/13/ostream:735:5: note: ‘std::endl’ declared here
  735 |     endl(basic_ostream<_CharT, _Traits>& __os)
      |     ^~~~
ex1.cpp: In function ‘int main()’:
ex1.cpp:5:34: error: ‘endl’ was not declared in this scope; did you mean ‘std::endl’?
    5 |     std::cout << "Hello world!"<<endl;
      |                                  ^~~~
      |                                  std::endl
In file included from /usr/include/c++/13/iostream:41,
                 from ex1.cpp:1:
/usr/include/c++/13/ostream:735:5: note: ‘std::endl’ declared here
  735 |     endl(basic_ostream<_CharT, _Traits>& __os)
      |     ^~~~
ex1.cpp: In function ‘int main()’:
ex1.cpp:5:34: error: ‘endl’ was not declared in this scope; did you mean ‘std::endl’?
    5 |     std::cout << "Hello world!"<<endl;
      |                                  ^~~~
      |                                  std::endl
In file included from /usr/include/c++/13/iostream:41,
                 from ex1.cpp:1:
/usr/include/c++/13/ostream:735:5: note: ‘std::endl’ declared here
  735 |     endl(basic_ostream<_CharT, _Traits>& __os)
      |     ^~~~
ex1.cpp: In function ‘int main()’:
ex1.cpp:5:34: error: ‘endl’ was not declared in this scope; did you mean ‘std::endl’?
    5 |     std::cout << "Hello world!"<<endl;
      |                                  ^~~~
      |                                  std::endl
In file included from /usr/include/c++/13/iostream:41,
                 from ex1.cpp:1:
/usr/include/c++/13/ostream:735:5: note: ‘std::endl’ declared here
  735 |     endl(basic_ostream<_CharT, _Traits>& __os)
      |     ^~~~
ex1.cpp: In function ‘int main()’:
ex1.cpp:5:34: error: ‘endl’ was not declared in this scope; did you mean ‘std::endl’?
    5 |     std::cout << "Hello world!"<<endl;
      |                                  ^~~~
      |                                  std::endl
In file included from /usr/include/c++/13/iostream:41,
                 from ex1.cpp:1:
/usr/include/c++/13/ostream:735:5: note: ‘std::endl’ declared here
  735 |     endl(basic_ostream<_CharT, _Traits>& __os)
      |     ^~~~
ex1.cpp: In function ‘int main()’:
ex1.cpp:5:34: error: ‘endl’ was not declared in this scope; did you mean ‘std::endl’?
    5 |     std::cout << "Hello world!"<<endl;
      |                                  ^~~~
      |                                  std::endl
In file included from /usr/include/c++/13/iostream:41,
                 from ex1.cpp:1:
/usr/include/c++/13/ostream:735:5: note: ‘std::endl’ declared here
  735 |     endl(basic_ostream<_CharT, _Traits>& __os)
      |     ^~~~
ex1.cpp: In function ‘int main()’:
ex1.cpp:5:34: error: ‘endl’ was not declared in this scope; did you mean ‘std::endl’?
    5 |     std::cout << "Hello world!"<<endl;
      |                                  ^~~~
      |                                  std::endl
In file included from /usr/include/c++/13/iostream:41,
                 from ex1.cpp:1:
/usr/include/c++/13/ostream:735:5: note: ‘std::endl’ declared here
  735 |     endl(basic_ostream<_CharT, _Traits>& __os)
      |     ^~~~
ex1.cpp: In function ‘int main()’:
ex1.cpp:5:34: error: ‘endl’ was not declared in this scope; did you mean ‘std::endl’?
    5 |     std::cout << "Hello world!"<<endl;
      |                                  ^~~~
      |                                  std::endl
In file included from /usr/include/c++/13/iostream:41,
                 from ex1.cpp:1:
/usr/include/c++/13/ostream:735:5: note: ‘std::endl’ declared here
  735 |     endl(basic_ostream<_CharT, _Traits>& __os)
      |     ^~~~
Versão do G++:
Varificando data de envio...
PRAZO MÁXIMO: 2024-09-28T03:00:00-03:00
Testando sua solucao...
Procurando exercício 1...
Exercício 1...
Compilando...
g++ -O2 -Wno-unused-result  "ex1.cpp" 
Teste 1 deu errado!
 
Erro de compilação
Teste 2 deu errado!
 
Erro de compilação
Teste 3 deu errado!
 
Erro de compilação
Teste 4 deu errado!
 
Erro de compilação
Teste 5 deu errado!
 
Erro de compilação
Teste 6 deu errado!
 
Erro de compilação
Teste 7 deu errado!
 
Erro de compilação
Teste 8 deu errado!
 
Erro de compilação
Teste 9 deu errado!
 
Erro de compilação
Teste 10 deu errado!
 
Erro de compilação
Teste 11 deu errado!
 
Erro de compilação
Teste 12 deu errado!
 
Erro de compilação
Teste 13 deu errado!
 
Erro de compilação
Teste 14 deu errado!
 
Erro de compilação
Teste 15 deu errado!
 
Erro de compilação
Teste 16 deu errado!
 
Erro de compilação
Teste 17 deu errado!
 
Erro de compilação
Teste 18 deu errado!
 
Erro de compilação
Teste 19 deu errado!
 
Erro de compilação
Teste 20 deu errado!
 
Erro de compilação
Nota exercicio 1: 0.0
Procurando exercício 2...
Exercício 2...
Compilando...
g++ -O2 -Wno-unused-result  "ex2.cpp" 
Teste 1: correto!
Teste 2: correto!
Teste 3: correto!
Teste 4: correto!
Teste 5: correto!
Teste 6: correto!
Teste 7: correto!
Teste 8: correto!
Teste 9: correto!
Teste 10: correto!
Teste 11: correto!
Teste 12: correto!
Teste 13: correto!
Teste 14: correto!
Teste 15: correto!
Teste 16: correto!
Teste 17: correto!
Teste 18: correto!
Teste 19: correto!
Teste 20: correto!
Nota exercicio 2: 0.5
Procurando exercício 3...
Exercício 3...
Compilando...
g++ -O2 -Wno-unused-result  "ex3.cpp" 
Teste 1: correto!
Teste 2: correto!
Teste 3: correto!
Teste 4: correto!
Teste 5: correto!
Teste 6: correto!
Teste 7: correto!
Teste 8: correto!
Teste 9: correto!
Teste 10: correto!
Teste 11: correto!
Teste 12: correto!
Teste 13: correto!
Teste 14: correto!
Teste 15: correto!
Teste 16: correto!
Teste 17: correto!
Teste 18: correto!
Teste 19: correto!
Teste 20: correto!
Nota exercicio 3: 0.5
Procurando exercício 4...
Exercício 4...
Compilando...
g++ -O2 -Wno-unused-result  "ex4.cpp" 
Teste 1: correto!
Teste 2: correto!
Teste 3: correto!
Teste 4: correto!
Teste 5: correto!
Teste 6: correto!
Teste 7: correto!
Teste 8: correto!
Teste 9: correto!
Teste 10: correto!
Teste 11: correto!
Teste 12: correto!
Teste 13: correto!
Teste 14: correto!
Teste 15: correto!
Teste 16: correto!
Teste 17: correto!
Teste 18: correto!
Teste 19: correto!
Teste 20: correto!
Nota exercicio 4: 0.5
Procurando exercício 5...
Exercício 5...
Compilando...
g++ -O2 -Wno-unused-result  "ex5.cpp" 
Teste 1: correto!
Teste 2: correto!
Teste 3: correto!
Teste 4: correto!
Teste 5: correto!
Teste 6: correto!
Teste 7: correto!
Teste 8: correto!
Teste 9: correto!
Teste 10: correto!
Teste 11: correto!
Teste 12: correto!
Teste 13: correto!
Teste 14: correto!
Teste 15: correto!
Teste 16: correto!
Teste 17: correto!
Teste 18: correto!
Teste 19: correto!
Teste 20: correto!
Nota exercicio 5: 1.0
Procurando exercício 6...
Exercício 6...
Compilando...
g++ -O2 -Wno-unused-result  "ex6.cpp" 
Teste 1: correto!
Teste 2: correto!
Teste 3: correto!
Teste 4: correto!
Teste 5: correto!
Teste 6: correto!
Teste 7: correto!
Teste 8: correto!
Teste 9: correto!
Teste 10: correto!
Teste 11: correto!
Teste 12: correto!
Teste 13: correto!
Teste 14: correto!
Teste 15: correto!
Teste 16: correto!
Teste 17: correto!
Teste 18: correto!
Teste 19: correto!
Teste 20: correto!
Nota exercicio 6: 1.0
Procurando exercício 7...
Exercício 7...
Compilando...
g++ -O2 -Wno-unused-result  "ex7.cpp" 
Teste 1: correto!
Teste 2 deu errado!
O resultado para
13 11 1 2 -2 0 1 1 1 1 0 2 2
deveria ser
212978
mas deu
16
Teste 3 deu errado!
O resultado para
18 16 2 -2 -1 -2 0 -1 1 -1 1 -1 0 0 0 2 0 2
deveria ser
487898
mas deu
18
Teste 4 deu errado!
O resultado para
8 6 2 -1 -1 -1 -2 0
deveria ser
16511
mas deu
6
Teste 5 deu errado!
O resultado para
10 8 0 2 -2 2 1 -2 -1 -1
deveria ser
144776
mas deu
15
Teste 6 deu errado!
O resultado para
13 10 -1 1 -1 2 0 0 -1 0 1 -1
deveria ser
143748109
mas deu
7
Teste 7 deu errado!
O resultado para
22 20 1 -1 1 -1 2 -1 -1 2 -1 1 -2 -1 2 -2 1 -2 -1 2 0 -1
deveria ser
2687959
mas deu
38
Teste 8: correto!
Teste 9 deu errado!
O resultado para
22 20 1 2 -1 2 1 -1 0 1 -1 -1 -1 1 1 -1 2 -2 -1 2 -2 -1
deveria ser
1975426
mas deu
32
Teste 10 deu errado!
O resultado para
8 6 -2 -2 0 -1 -2 1
deveria ser
42638
mas deu
6
Teste 11 deu errado!
Teste 12 deu errado!
Teste 13 deu errado!
Teste 14 deu errado!
Teste 15 deu errado!
Teste 16: correto!
Teste 17 deu errado!
Teste 18 deu errado!
Teste 19 deu errado!
Teste 20: correto!
Nota exercicio 7: 0.2
Procurando exercício 8...
Exercício 8...
Compilando...
g++ -O2 -Wno-unused-result -Wno-write-strings "ex8.cpp" 
Teste 1: correto!
Teste 2: correto!
Teste 3: correto!
Teste 4: correto!
Teste 5: correto!
Teste 6: correto!
Teste 7: correto!
Teste 8: correto!
Teste 9: correto!
Teste 10: correto!
Teste 11: correto!
Teste 12: correto!
Teste 13: correto!
Teste 14: correto!
Teste 15: correto!
Teste 16: correto!
Teste 17: correto!
Teste 18: correto!
Teste 19: correto!
Teste 20: correto!
Nota exercicio 8: 1.0
Procurando exercício 9...
Exercício 9...
Compilando...
g++ -O2 -Wno-unused-result  "ex9.cpp" 
Teste 1: correto!
Teste 2 deu errado!
O resultado para
-5.48
-6.84
8.93
-2.92

deveria ser
14.9337
mas deu
14.934

Teste 3 deu errado!
O resultado para
-3.95
-2.01
9.46
-5.87

deveria ser
13.9545
mas deu
13.954

Teste 4: correto!
Teste 5 deu errado!
O resultado para
-1.49
-6.04
6.02
8.65

deveria ser
16.4984
mas deu
16.498

Teste 6: correto!
Teste 7 deu errado!
O resultado para
-4.96
-2.35
0.86
3.86

deveria ser
8.5110
mas deu
8.511

Teste 8 deu errado!
O resultado para
7.33
8.79
0.51
-4.73

deveria ser
15.1427
mas deu
15.143

Teste 9: correto!
Teste 10 deu errado!
O resultado para
-6.27
-8.59
-8.48
9.87

deveria ser
18.5918
mas deu
18.592

Teste 11 deu errado!
Teste 12 deu errado!
Teste 13: correto!
Teste 14: correto!
Teste 15: correto!
Teste 16 deu errado!
Teste 17 deu errado!
Teste 18: correto!
Teste 19: correto!
Teste 20 deu errado!
Nota exercicio 9: 0.4
Procurando exercício 10...
Exercício 10...
Compilando...
g++ -O2 -Wno-unused-result  "ex10.cpp" 
Teste 1 deu errado!
O resultado para
876.62
921.57

deveria ser
Troco: R$ 44.95
0 de R$ 200.00
0 de R$ 100.00
0 de R$ 50.00
2 de R$ 20.00
0 de R$ 10.00
0 de R$ 5.00
2 de R$ 2.00
0 de R$ 1.00
1 de R$ 0.50
1 de R$ 0.25
2 de R$ 0.10
0 de R$ 0.05
0 de R$ 0.01
mas deu
Troco: R$ 44.00
0 de R$ 200.00
0 de R$ 100.00
0 de R$ 50.00
0 de R$ 20.00
0 de R$ 10.00
0 de R$ 5.00
0 de R$ 2.00
0 de R$ 1.00
0 de R$ 0.50
1 de R$ 0.25
1 de R$ 0.10
1 de R$ 0.05
4 de R$ 0.01

Teste 2 deu errado!
O resultado para
44.02
126.37

deveria ser
Troco: R$ 82.35
0 de R$ 200.00
0 de R$ 100.00
1 de R$ 50.00
1 de R$ 20.00
1 de R$ 10.00
0 de R$ 5.00
1 de R$ 2.00
0 de R$ 1.00
0 de R$ 0.50
1 de R$ 0.25
1 de R$ 0.10
0 de R$ 0.05
0 de R$ 0.01
mas deu
Troco: R$ 82.00
0 de R$ 200.00
0 de R$ 100.00
0 de R$ 50.00
0 de R$ 20.00
0 de R$ 10.00
0 de R$ 5.00
0 de R$ 2.00
0 de R$ 1.00
1 de R$ 0.50
1 de R$ 0.25
0 de R$ 0.10
1 de R$ 0.05
2 de R$ 0.01

Teste 3 deu errado!
O resultado para
491.44
672.04

deveria ser
Troco: R$ 180.60
0 de R$ 200.00
1 de R$ 100.00
1 de R$ 50.00
1 de R$ 20.00
1 de R$ 10.00
0 de R$ 5.00
0 de R$ 2.00
0 de R$ 1.00
1 de R$ 0.50
0 de R$ 0.25
1 de R$ 0.10
0 de R$ 0.05
0 de R$ 0.01
mas deu
Troco: R$ 180.00
0 de R$ 200.00
0 de R$ 100.00
0 de R$ 50.00
0 de R$ 20.00
0 de R$ 10.00
0 de R$ 5.00
0 de R$ 2.00
1 de R$ 1.00
1 de R$ 0.50
1 de R$ 0.25
0 de R$ 0.10
1 de R$ 0.05
0 de R$ 0.01

Teste 4 deu errado!
O resultado para
71.34
302.39

deveria ser
Troco: R$ 231.05
1 de R$ 200.00
0 de R$ 100.00
0 de R$ 50.00
1 de R$ 20.00
1 de R$ 10.00
0 de R$ 5.00
0 de R$ 2.00
1 de R$ 1.00
0 de R$ 0.50
0 de R$ 0.25
0 de R$ 0.10
1 de R$ 0.05
0 de R$ 0.01
mas deu
Troco: R$ 231.00
0 de R$ 200.00
0 de R$ 100.00
0 de R$ 50.00
0 de R$ 20.00
0 de R$ 10.00
0 de R$ 5.00
1 de R$ 2.00
0 de R$ 1.00
0 de R$ 0.50
1 de R$ 0.25
0 de R$ 0.10
1 de R$ 0.05
1 de R$ 0.01

Teste 5 deu errado!
O resultado para
141.30
745.35

deveria ser
Troco: R$ 604.05
3 de R$ 200.00
0 de R$ 100.00
0 de R$ 50.00
0 de R$ 20.00
0 de R$ 10.00
0 de R$ 5.00
2 de R$ 2.00
0 de R$ 1.00
0 de R$ 0.50
0 de R$ 0.25
0 de R$ 0.10
1 de R$ 0.05
0 de R$ 0.01
mas deu
Troco: R$ 604.00
0 de R$ 200.00
0 de R$ 100.00
0 de R$ 50.00
0 de R$ 20.00
0 de R$ 10.00
1 de R$ 5.00
0 de R$ 2.00
1 de R$ 1.00
0 de R$ 0.50
0 de R$ 0.25
0 de R$ 0.10
0 de R$ 0.05
4 de R$ 0.01

Teste 6 deu errado!
O resultado para
351.90
484.85

deveria ser
Troco: R$ 132.95
0 de R$ 200.00
1 de R$ 100.00
0 de R$ 50.00
1 de R$ 20.00
1 de R$ 10.00
0 de R$ 5.00
1 de R$ 2.00
0 de R$ 1.00
1 de R$ 0.50
1 de R$ 0.25
2 de R$ 0.10
0 de R$ 0.05
0 de R$ 0.01
mas deu
Troco: R$ 132.00
0 de R$ 200.00
0 de R$ 100.00
0 de R$ 50.00
0 de R$ 20.00
0 de R$ 10.00
0 de R$ 5.00
0 de R$ 2.00
1 de R$ 1.00
0 de R$ 0.50
1 de R$ 0.25
0 de R$ 0.10
1 de R$ 0.05
2 de R$ 0.01

Teste 7 deu errado!
O resultado para
838.82
927.22

deveria ser
Troco: R$ 88.40
0 de R$ 200.00
0 de R$ 100.00
1 de R$ 50.00
1 de R$ 20.00
1 de R$ 10.00
1 de R$ 5.00
1 de R$ 2.00
1 de R$ 1.00
0 de R$ 0.50
1 de R$ 0.25
1 de R$ 0.10
1 de R$ 0.05
0 de R$ 0.01
mas deu
Troco: R$ 88.00
0 de R$ 200.00
0 de R$ 100.00
0 de R$ 50.00
0 de R$ 20.00
0 de R$ 10.00
0 de R$ 5.00
0 de R$ 2.00
0 de R$ 1.00
1 de R$ 0.50
1 de R$ 0.25
1 de R$ 0.10
0 de R$ 0.05
3 de R$ 0.01

Teste 8 deu errado!
O resultado para
90.59
480.59

deveria ser
Troco: R$ 390.00
1 de R$ 200.00
1 de R$ 100.00
1 de R$ 50.00
2 de R$ 20.00
0 de R$ 10.00
0 de R$ 5.00
0 de R$ 2.00
0 de R$ 1.00
0 de R$ 0.50
0 de R$ 0.25
0 de R$ 0.10
0 de R$ 0.05
0 de R$ 0.01
mas deu
Troco: R$ 390.00
0 de R$ 200.00
0 de R$ 100.00
0 de R$ 50.00
0 de R$ 20.00
0 de R$ 10.00
0 de R$ 5.00
1 de R$ 2.00
1 de R$ 1.00
1 de R$ 0.50
1 de R$ 0.25
1 de R$ 0.10
1 de R$ 0.05
0 de R$ 0.01

Teste 9 deu errado!
O resultado para
582.80
948.20

deveria ser
Troco: R$ 365.40
1 de R$ 200.00
1 de R$ 100.00
1 de R$ 50.00
0 de R$ 20.00
1 de R$ 10.00
1 de R$ 5.00
0 de R$ 2.00
0 de R$ 1.00
0 de R$ 0.50
1 de R$ 0.25
1 de R$ 0.10
1 de R$ 0.05
0 de R$ 0.01
mas deu
Troco: R$ 365.00
0 de R$ 200.00
0 de R$ 100.00
0 de R$ 50.00
0 de R$ 20.00
0 de R$ 10.00
0 de R$ 5.00
1 de R$ 2.00
1 de R$ 1.00
1 de R$ 0.50
0 de R$ 0.25
1 de R$ 0.10
1 de R$ 0.05
0 de R$ 0.01

Teste 10 deu errado!
O resultado para
377.92
826.57

deveria ser
Troco: R$ 448.65
2 de R$ 200.00
0 de R$ 100.00
0 de R$ 50.00
2 de R$ 20.00
0 de R$ 10.00
1 de R$ 5.00
1 de R$ 2.00
1 de R$ 1.00
1 de R$ 0.50
0 de R$ 0.25
1 de R$ 0.10
1 de R$ 0.05
0 de R$ 0.01
mas deu
Troco: R$ 448.00
0 de R$ 200.00
0 de R$ 100.00
0 de R$ 50.00
0 de R$ 20.00
0 de R$ 10.00
0 de R$ 5.00
2 de R$ 2.00
0 de R$ 1.00
0 de R$ 0.50
1 de R$ 0.25
2 de R$ 0.10
0 de R$ 0.05
3 de R$ 0.01

Teste 11 deu errado!
Teste 12 deu errado!
Teste 13 deu errado!
Teste 14 deu errado!
Teste 15 deu errado!
Teste 16 deu errado!
Teste 17 deu errado!
Teste 18 deu errado!
Teste 19 deu errado!
Teste 20 deu errado!
Nota exercicio 10: 0.0
Procurando exercício 11...
Exercício 11...
Compilando...
g++ -O2 -Wno-unused-result  "ex11.cpp" 
Teste 1: correto!
Teste 2: correto!
Teste 3 deu errado!
O resultado para
0 1 -1
deveria ser
1
mas deu
-nan e -inf

Teste 4: correto!
Teste 5: correto!
Teste 6: correto!
Teste 7 deu errado!
O resultado para
9.6
-4.7
-7.0

deveria ser
-0.6435155024680371 e 1.1330988358013703
mas deu
1.133099 e -0.643516

Teste 8: correto!
Se nao entender esse erro, peça ajuda ao professor:
tester.py, 250: ValueError - could not convert string to float: 'Nenhuma'
Teste 9 deu errado!
O resultado para
0 0 5.7
deveria ser
Nenhuma
mas deu
-nan e -nan

Teste 10 deu errado!
O resultado para
8.6
-9.1
1.7

deveria ser
0.24229389639212745 e 0.8158456384915935
mas deu
0.815846 e 0.242294

Teste 11: correto!
Teste 12: correto!
Teste 13 deu errado!
Teste 14: correto!
Teste 15 deu errado!
Teste 16 deu errado!
Teste 17: correto!
Teste 18 deu errado!
Teste 19: correto!
Teste 20 deu errado!
Nota exercicio 11: 0.5
Procurando exercício 12...
Exercício 12...
Compilando...
g++ -O2 -Wno-unused-result -Wno-builtin-declaration-mismatch "ex12.cpp" 
Teste 1: correto!
Teste 2: correto!
Teste 3: correto!
Teste 4: correto!
Teste 5: correto!
Teste 6: correto!
Teste 7: correto!
Teste 8: correto!
Teste 9: correto!
Teste 10: correto!
Teste 11: correto!
Teste 12: correto!
Teste 13: correto!
Teste 14: correto!
Teste 15: correto!
Teste 16: correto!
Teste 17: correto!
Teste 18: correto!
Teste 19: correto!
Teste 20: correto!
Nota exercicio 12: 1.0
Nota total: 6.60
{"scores": {"ex1": 0.0, "ex2": 0.5, "ex3": 0.5, "ex4": 0.5, "ex5": 1.0, "ex6": 1.0, "ex7": 0.2, "ex8": 1.0, "ex9": 0.4, "ex10": 0.0, "ex11": 0.5, "ex12": 1.0}}
