Versão do G++:
g++ (Debian 12.2.0-14) 12.2.0
Copyright (C) 2022 Free Software Foundation, Inc.
This is free software; see the source for copying conditions.  There is NO
warranty; not even for MERCHANTABILITY or FITNESS FOR A PARTICULAR PURPOSE.

Varificando data de envio...
AGORA: 2024-12-22 19:42:56.608434-03:00
PRAZO MÁXIMO: 2024-12-22 23:59:59-03:06
Testando sua solucao...
Procurando exercício 1...
Exercício 1...
Criando testes aleatórios...
Testes Criados!
Compilando...
g++ -O2 -Wno-unused-result  "ex1.cpp" 
Teste 1: correto! +1.000
Teste 2: correto! +1.000
Teste 3: correto! +1.000
Nota exercicio 1: 3.0
Procurando exercício 2...
Exercício 2...
Criando testes aleatórios...
Testes Criados!
ERRO: A classe "Polinomio2" deve ter os seguintes membros amigos: 
Nota exercicio 2: 0.0
Procurando exercício 3...
Exercício 3...
Criando testes aleatórios...
Testes Criados!
Compilando...
g++ -O2 -Wno-unused-result  "ex3.cpp" 
#include<iostream>
int main() {
    for(const auto& linha : Arquivo("/tmp/ex3.cpp"))
        std::cout << linha << std::endl;
    return 0;
}
main -> eveniet
ERRO: Erro de compilação: 256
ex3.cpp: In constructor ‘Arquivo::Arquivo(std::string)’:
ex3.cpp:10:34: error: variable ‘std::ifstream arq’ has initializer but incomplete type
   10 |         std::ifstream arq(arquivo);
      |                                  ^
ex3.cpp:18:18: error: ‘cerr’ is not a member of ‘std’
   18 |             std::cerr << "Erro ao abrir o arquivo!" << std::endl;
      |                  ^~~~
ex3.cpp:2:1: note: ‘std::cerr’ is defined in header ‘<iostream>’; did you forget to ‘#include <iostream>’?
    1 | #include <string>
  +++ |+#include <iostream>
    2 | 
ex3.cpp:18:61: error: ‘endl’ is not a member of ‘std’
   18 |             std::cerr << "Erro ao abrir o arquivo!" << std::endl;
      |                                                             ^~~~
ex3.cpp:2:1: note: ‘std::endl’ is defined in header ‘<ostream>’; did you forget to ‘#include <ostream>’?
    1 | #include <string>
  +++ |+#include <ostream>
    2 | 
ex3.cpp: In function ‘int main()’:
ex3.cpp:44:51: error: ‘begin’ was not declared in this scope; did you mean ‘std::begin’?
   44 |     for(const auto& linha : Arquivo("/tmp/ex3.cpp"))
      |                                                   ^
      |                                                   std::begin
In file included from /usr/include/c++/12/string:52,
                 from ex3.cpp:1:
/usr/include/c++/12/bits/range_access.h:114:37: note: ‘std::begin’ declared here
  114 |   template<typename _Tp> const _Tp* begin(const valarray<_Tp>&) noexcept;
      |                                     ^~~~~
ex3.cpp:44:51: error: ‘end’ was not declared in this scope; did you mean ‘std::end’?
   44 |     for(const auto& linha : Arquivo("/tmp/ex3.cpp"))
      |                                                   ^
      |                                                   std::end
/usr/include/c++/12/bits/range_access.h:116:37: note: ‘std::end’ declared here
  116 |   template<typename _Tp> const _Tp* end(const valarray<_Tp>&) noexcept;
      |                                     ^~~

#include<iostream>
int main() {
    for(const auto& linha : Arquivo("/tmp/Arquivoegmgmzcv"))
        std::cout << linha << std::endl;
    return 0;
}
main -> ab
ERRO: Erro de compilação: 256
ex3.cpp: In constructor ‘Arquivo::Arquivo(std::string)’:
ex3.cpp:10:34: error: variable ‘std::ifstream arq’ has initializer but incomplete type
   10 |         std::ifstream arq(arquivo);
      |                                  ^
ex3.cpp:18:18: error: ‘cerr’ is not a member of ‘std’
   18 |             std::cerr << "Erro ao abrir o arquivo!" << std::endl;
      |                  ^~~~
ex3.cpp:2:1: note: ‘std::cerr’ is defined in header ‘<iostream>’; did you forget to ‘#include <iostream>’?
    1 | #include <string>
  +++ |+#include <iostream>
    2 | 
ex3.cpp:18:61: error: ‘endl’ is not a member of ‘std’
   18 |             std::cerr << "Erro ao abrir o arquivo!" << std::endl;
      |                                                             ^~~~
ex3.cpp:2:1: note: ‘std::endl’ is defined in header ‘<ostream>’; did you forget to ‘#include <ostream>’?
    1 | #include <string>
  +++ |+#include <ostream>
    2 | 
ex3.cpp: In function ‘int main()’:
ex3.cpp:44:59: error: ‘begin’ was not declared in this scope; did you mean ‘std::begin’?
   44 |     for(const auto& linha : Arquivo("/tmp/Arquivoegmgmzcv"))
      |                                                           ^
      |                                                           std::begin
In file included from /usr/include/c++/12/string:52,
                 from ex3.cpp:1:
/usr/include/c++/12/bits/range_access.h:114:37: note: ‘std::begin’ declared here
  114 |   template<typename _Tp> const _Tp* begin(const valarray<_Tp>&) noexcept;
      |                                     ^~~~~
ex3.cpp:44:59: error: ‘end’ was not declared in this scope; did you mean ‘std::end’?
   44 |     for(const auto& linha : Arquivo("/tmp/Arquivoegmgmzcv"))
      |                                                           ^
      |                                                           std::end
/usr/include/c++/12/bits/range_access.h:116:37: note: ‘std::end’ declared here
  116 |   template<typename _Tp> const _Tp* end(const valarray<_Tp>&) noexcept;
      |                                     ^~~

#include<iostream>
int main() {
    for(const auto& linha : Arquivo("/tmp/Arquivommw6zsgr"))
        std::cout << linha << std::endl;
    return 0;
}
main -> saepe
ERRO: Erro de compilação: 256
ex3.cpp: In constructor ‘Arquivo::Arquivo(std::string)’:
ex3.cpp:10:34: error: variable ‘std::ifstream arq’ has initializer but incomplete type
   10 |         std::ifstream arq(arquivo);
      |                                  ^
ex3.cpp:18:18: error: ‘cerr’ is not a member of ‘std’
   18 |             std::cerr << "Erro ao abrir o arquivo!" << std::endl;
      |                  ^~~~
ex3.cpp:2:1: note: ‘std::cerr’ is defined in header ‘<iostream>’; did you forget to ‘#include <iostream>’?
    1 | #include <string>
  +++ |+#include <iostream>
    2 | 
ex3.cpp:18:61: error: ‘endl’ is not a member of ‘std’
   18 |             std::cerr << "Erro ao abrir o arquivo!" << std::endl;
      |                                                             ^~~~
ex3.cpp:2:1: note: ‘std::endl’ is defined in header ‘<ostream>’; did you forget to ‘#include <ostream>’?
    1 | #include <string>
  +++ |+#include <ostream>
    2 | 
ex3.cpp: In function ‘int main()’:
ex3.cpp:44:59: error: ‘begin’ was not declared in this scope; did you mean ‘std::begin’?
   44 |     for(const auto& linha : Arquivo("/tmp/Arquivommw6zsgr"))
      |                                                           ^
      |                                                           std::begin
In file included from /usr/include/c++/12/string:52,
                 from ex3.cpp:1:
/usr/include/c++/12/bits/range_access.h:114:37: note: ‘std::begin’ declared here
  114 |   template<typename _Tp> const _Tp* begin(const valarray<_Tp>&) noexcept;
      |                                     ^~~~~
ex3.cpp:44:59: error: ‘end’ was not declared in this scope; did you mean ‘std::end’?
   44 |     for(const auto& linha : Arquivo("/tmp/Arquivommw6zsgr"))
      |                                                           ^
      |                                                           std::end
/usr/include/c++/12/bits/range_access.h:116:37: note: ‘std::end’ declared here
  116 |   template<typename _Tp> const _Tp* end(const valarray<_Tp>&) noexcept;
      |                                     ^~~

#include<iostream>
int main() {
    for(const auto& linha : Arquivo("/tmp/Arquivox1qcgayq"))
        std::cout << linha << std::endl;
    return 0;
}
main -> dolorem
ERRO: Erro de compilação: 256
ex3.cpp: In constructor ‘Arquivo::Arquivo(std::string)’:
ex3.cpp:10:34: error: variable ‘std::ifstream arq’ has initializer but incomplete type
   10 |         std::ifstream arq(arquivo);
      |                                  ^
ex3.cpp:18:18: error: ‘cerr’ is not a member of ‘std’
   18 |             std::cerr << "Erro ao abrir o arquivo!" << std::endl;
      |                  ^~~~
ex3.cpp:2:1: note: ‘std::cerr’ is defined in header ‘<iostream>’; did you forget to ‘#include <iostream>’?
    1 | #include <string>
  +++ |+#include <iostream>
    2 | 
ex3.cpp:18:61: error: ‘endl’ is not a member of ‘std’
   18 |             std::cerr << "Erro ao abrir o arquivo!" << std::endl;
      |                                                             ^~~~
ex3.cpp:2:1: note: ‘std::endl’ is defined in header ‘<ostream>’; did you forget to ‘#include <ostream>’?
    1 | #include <string>
  +++ |+#include <ostream>
    2 | 
ex3.cpp: In function ‘int main()’:
ex3.cpp:44:59: error: ‘begin’ was not declared in this scope; did you mean ‘std::begin’?
   44 |     for(const auto& linha : Arquivo("/tmp/Arquivox1qcgayq"))
      |                                                           ^
      |                                                           std::begin
In file included from /usr/include/c++/12/string:52,
                 from ex3.cpp:1:
/usr/include/c++/12/bits/range_access.h:114:37: note: ‘std::begin’ declared here
  114 |   template<typename _Tp> const _Tp* begin(const valarray<_Tp>&) noexcept;
      |                                     ^~~~~
ex3.cpp:44:59: error: ‘end’ was not declared in this scope; did you mean ‘std::end’?
   44 |     for(const auto& linha : Arquivo("/tmp/Arquivox1qcgayq"))
      |                                                           ^
      |                                                           std::end
/usr/include/c++/12/bits/range_access.h:116:37: note: ‘std::end’ declared here
  116 |   template<typename _Tp> const _Tp* end(const valarray<_Tp>&) noexcept;
      |                                     ^~~

#include<iostream>
int main() {
    for(const auto& linha : Arquivo("/tmp/Arquivozwlmn_qz"))
        std::cout << linha << std::endl;
    return 0;
}
main -> laboriosam
ERRO: Erro de compilação: 256
ex3.cpp: In constructor ‘Arquivo::Arquivo(std::string)’:
ex3.cpp:10:34: error: variable ‘std::ifstream arq’ has initializer but incomplete type
   10 |         std::ifstream arq(arquivo);
      |                                  ^
ex3.cpp:18:18: error: ‘cerr’ is not a member of ‘std’
   18 |             std::cerr << "Erro ao abrir o arquivo!" << std::endl;
      |                  ^~~~
ex3.cpp:2:1: note: ‘std::cerr’ is defined in header ‘<iostream>’; did you forget to ‘#include <iostream>’?
    1 | #include <string>
  +++ |+#include <iostream>
    2 | 
ex3.cpp:18:61: error: ‘endl’ is not a member of ‘std’
   18 |             std::cerr << "Erro ao abrir o arquivo!" << std::endl;
      |                                                             ^~~~
ex3.cpp:2:1: note: ‘std::endl’ is defined in header ‘<ostream>’; did you forget to ‘#include <ostream>’?
    1 | #include <string>
  +++ |+#include <ostream>
    2 | 
ex3.cpp: In function ‘int main()’:
ex3.cpp:44:59: error: ‘begin’ was not declared in this scope; did you mean ‘std::begin’?
   44 |     for(const auto& linha : Arquivo("/tmp/Arquivozwlmn_qz"))
      |                                                           ^
      |                                                           std::begin
In file included from /usr/include/c++/12/string:52,
                 from ex3.cpp:1:
/usr/include/c++/12/bits/range_access.h:114:37: note: ‘std::begin’ declared here
  114 |   template<typename _Tp> const _Tp* begin(const valarray<_Tp>&) noexcept;
      |                                     ^~~~~
ex3.cpp:44:59: error: ‘end’ was not declared in this scope; did you mean ‘std::end’?
   44 |     for(const auto& linha : Arquivo("/tmp/Arquivozwlmn_qz"))
      |                                                           ^
      |                                                           std::end
/usr/include/c++/12/bits/range_access.h:116:37: note: ‘std::end’ declared here
  116 |   template<typename _Tp> const _Tp* end(const valarray<_Tp>&) noexcept;
      |                                     ^~~

#include<iostream>
int main() {
    for(const auto& linha : Arquivo("/tmp/Arquivoi06itvz9"))
        std::cout << linha << std::endl;
    return 0;
}
main -> ad
ERRO: Erro de compilação: 256
ex3.cpp: In constructor ‘Arquivo::Arquivo(std::string)’:
ex3.cpp:10:34: error: variable ‘std::ifstream arq’ has initializer but incomplete type
   10 |         std::ifstream arq(arquivo);
      |                                  ^
ex3.cpp:18:18: error: ‘cerr’ is not a member of ‘std’
   18 |             std::cerr << "Erro ao abrir o arquivo!" << std::endl;
      |                  ^~~~
ex3.cpp:2:1: note: ‘std::cerr’ is defined in header ‘<iostream>’; did you forget to ‘#include <iostream>’?
    1 | #include <string>
  +++ |+#include <iostream>
    2 | 
ex3.cpp:18:61: error: ‘endl’ is not a member of ‘std’
   18 |             std::cerr << "Erro ao abrir o arquivo!" << std::endl;
      |                                                             ^~~~
ex3.cpp:2:1: note: ‘std::endl’ is defined in header ‘<ostream>’; did you forget to ‘#include <ostream>’?
    1 | #include <string>
  +++ |+#include <ostream>
    2 | 
ex3.cpp: In function ‘int main()’:
ex3.cpp:44:59: error: ‘begin’ was not declared in this scope; did you mean ‘std::begin’?
   44 |     for(const auto& linha : Arquivo("/tmp/Arquivoi06itvz9"))
      |                                                           ^
      |                                                           std::begin
In file included from /usr/include/c++/12/string:52,
                 from ex3.cpp:1:
/usr/include/c++/12/bits/range_access.h:114:37: note: ‘std::begin’ declared here
  114 |   template<typename _Tp> const _Tp* begin(const valarray<_Tp>&) noexcept;
      |                                     ^~~~~
ex3.cpp:44:59: error: ‘end’ was not declared in this scope; did you mean ‘std::end’?
   44 |     for(const auto& linha : Arquivo("/tmp/Arquivoi06itvz9"))
      |                                                           ^
      |                                                           std::end
/usr/include/c++/12/bits/range_access.h:116:37: note: ‘std::end’ declared here
  116 |   template<typename _Tp> const _Tp* end(const valarray<_Tp>&) noexcept;
      |                                     ^~~

#include<iostream>
int main() {
    for(const auto& linha : Arquivo("/tmp/Arquivo48qdlgcm"))
        std::cout << linha << std::endl;
    return 0;
}
main -> soluta
ERRO: Erro de compilação: 256
ex3.cpp: In constructor ‘Arquivo::Arquivo(std::string)’:
ex3.cpp:10:34: error: variable ‘std::ifstream arq’ has initializer but incomplete type
   10 |         std::ifstream arq(arquivo);
      |                                  ^
ex3.cpp:18:18: error: ‘cerr’ is not a member of ‘std’
   18 |             std::cerr << "Erro ao abrir o arquivo!" << std::endl;
      |                  ^~~~
ex3.cpp:2:1: note: ‘std::cerr’ is defined in header ‘<iostream>’; did you forget to ‘#include <iostream>’?
    1 | #include <string>
  +++ |+#include <iostream>
    2 | 
ex3.cpp:18:61: error: ‘endl’ is not a member of ‘std’
   18 |             std::cerr << "Erro ao abrir o arquivo!" << std::endl;
      |                                                             ^~~~
ex3.cpp:2:1: note: ‘std::endl’ is defined in header ‘<ostream>’; did you forget to ‘#include <ostream>’?
    1 | #include <string>
  +++ |+#include <ostream>
    2 | 
ex3.cpp: In function ‘int main()’:
ex3.cpp:44:59: error: ‘begin’ was not declared in this scope; did you mean ‘std::begin’?
   44 |     for(const auto& linha : Arquivo("/tmp/Arquivo48qdlgcm"))
      |                                                           ^
      |                                                           std::begin
In file included from /usr/include/c++/12/string:52,
                 from ex3.cpp:1:
/usr/include/c++/12/bits/range_access.h:114:37: note: ‘std::begin’ declared here
  114 |   template<typename _Tp> const _Tp* begin(const valarray<_Tp>&) noexcept;
      |                                     ^~~~~
ex3.cpp:44:59: error: ‘end’ was not declared in this scope; did you mean ‘std::end’?
   44 |     for(const auto& linha : Arquivo("/tmp/Arquivo48qdlgcm"))
      |                                                           ^
      |                                                           std::end
/usr/include/c++/12/bits/range_access.h:116:37: note: ‘std::end’ declared here
  116 |   template<typename _Tp> const _Tp* end(const valarray<_Tp>&) noexcept;
      |                                     ^~~

#include<iostream>
int main() {
    for(const auto& linha : Arquivo("/tmp/Arquivo962h0urx"))
        std::cout << linha << std::endl;
    return 0;
}
main -> eius
ERRO: Erro de compilação: 256
ex3.cpp: In constructor ‘Arquivo::Arquivo(std::string)’:
ex3.cpp:10:34: error: variable ‘std::ifstream arq’ has initializer but incomplete type
   10 |         std::ifstream arq(arquivo);
      |                                  ^
ex3.cpp:18:18: error: ‘cerr’ is not a member of ‘std’
   18 |             std::cerr << "Erro ao abrir o arquivo!" << std::endl;
      |                  ^~~~
ex3.cpp:2:1: note: ‘std::cerr’ is defined in header ‘<iostream>’; did you forget to ‘#include <iostream>’?
    1 | #include <string>
  +++ |+#include <iostream>
    2 | 
ex3.cpp:18:61: error: ‘endl’ is not a member of ‘std’
   18 |             std::cerr << "Erro ao abrir o arquivo!" << std::endl;
      |                                                             ^~~~
ex3.cpp:2:1: note: ‘std::endl’ is defined in header ‘<ostream>’; did you forget to ‘#include <ostream>’?
    1 | #include <string>
  +++ |+#include <ostream>
    2 | 
ex3.cpp: In function ‘int main()’:
ex3.cpp:44:59: error: ‘begin’ was not declared in this scope; did you mean ‘std::begin’?
   44 |     for(const auto& linha : Arquivo("/tmp/Arquivo962h0urx"))
      |                                                           ^
      |                                                           std::begin
In file included from /usr/include/c++/12/string:52,
                 from ex3.cpp:1:
/usr/include/c++/12/bits/range_access.h:114:37: note: ‘std::begin’ declared here
  114 |   template<typename _Tp> const _Tp* begin(const valarray<_Tp>&) noexcept;
      |                                     ^~~~~
ex3.cpp:44:59: error: ‘end’ was not declared in this scope; did you mean ‘std::end’?
   44 |     for(const auto& linha : Arquivo("/tmp/Arquivo962h0urx"))
      |                                                           ^
      |                                                           std::end
/usr/include/c++/12/bits/range_access.h:116:37: note: ‘std::end’ declared here
  116 |   template<typename _Tp> const _Tp* end(const valarray<_Tp>&) noexcept;
      |                                     ^~~

#include<iostream>
int main() {
    for(const auto& linha : Arquivo("/tmp/Arquivoas8c566s"))
        std::cout << linha << std::endl;
    return 0;
}
main -> maxime
ERRO: Erro de compilação: 256
ex3.cpp: In constructor ‘Arquivo::Arquivo(std::string)’:
ex3.cpp:10:34: error: variable ‘std::ifstream arq’ has initializer but incomplete type
   10 |         std::ifstream arq(arquivo);
      |                                  ^
ex3.cpp:18:18: error: ‘cerr’ is not a member of ‘std’
   18 |             std::cerr << "Erro ao abrir o arquivo!" << std::endl;
      |                  ^~~~
ex3.cpp:2:1: note: ‘std::cerr’ is defined in header ‘<iostream>’; did you forget to ‘#include <iostream>’?
    1 | #include <string>
  +++ |+#include <iostream>
    2 | 
ex3.cpp:18:61: error: ‘endl’ is not a member of ‘std’
   18 |             std::cerr << "Erro ao abrir o arquivo!" << std::endl;
      |                                                             ^~~~
ex3.cpp:2:1: note: ‘std::endl’ is defined in header ‘<ostream>’; did you forget to ‘#include <ostream>’?
    1 | #include <string>
  +++ |+#include <ostream>
    2 | 
ex3.cpp: In function ‘int main()’:
ex3.cpp:44:59: error: ‘begin’ was not declared in this scope; did you mean ‘std::begin’?
   44 |     for(const auto& linha : Arquivo("/tmp/Arquivoas8c566s"))
      |                                                           ^
      |                                                           std::begin
In file included from /usr/include/c++/12/string:52,
                 from ex3.cpp:1:
/usr/include/c++/12/bits/range_access.h:114:37: note: ‘std::begin’ declared here
  114 |   template<typename _Tp> const _Tp* begin(const valarray<_Tp>&) noexcept;
      |                                     ^~~~~
ex3.cpp:44:59: error: ‘end’ was not declared in this scope; did you mean ‘std::end’?
   44 |     for(const auto& linha : Arquivo("/tmp/Arquivoas8c566s"))
      |                                                           ^
      |                                                           std::end
/usr/include/c++/12/bits/range_access.h:116:37: note: ‘std::end’ declared here
  116 |   template<typename _Tp> const _Tp* end(const valarray<_Tp>&) noexcept;
      |                                     ^~~

#include<iostream>
int main() {
    for(const auto& linha : Arquivo("/tmp/Arquivomfzez3bn"))
        std::cout << linha << std::endl;
    return 0;
}
main -> sapiente
ERRO: Erro de compilação: 256
ex3.cpp: In constructor ‘Arquivo::Arquivo(std::string)’:
ex3.cpp:10:34: error: variable ‘std::ifstream arq’ has initializer but incomplete type
   10 |         std::ifstream arq(arquivo);
      |                                  ^
ex3.cpp:18:18: error: ‘cerr’ is not a member of ‘std’
   18 |             std::cerr << "Erro ao abrir o arquivo!" << std::endl;
      |                  ^~~~
ex3.cpp:2:1: note: ‘std::cerr’ is defined in header ‘<iostream>’; did you forget to ‘#include <iostream>’?
    1 | #include <string>
  +++ |+#include <iostream>
    2 | 
ex3.cpp:18:61: error: ‘endl’ is not a member of ‘std’
   18 |             std::cerr << "Erro ao abrir o arquivo!" << std::endl;
      |                                                             ^~~~
ex3.cpp:2:1: note: ‘std::endl’ is defined in header ‘<ostream>’; did you forget to ‘#include <ostream>’?
    1 | #include <string>
  +++ |+#include <ostream>
    2 | 
ex3.cpp: In function ‘int main()’:
ex3.cpp:44:59: error: ‘begin’ was not declared in this scope; did you mean ‘std::begin’?
   44 |     for(const auto& linha : Arquivo("/tmp/Arquivomfzez3bn"))
      |                                                           ^
      |                                                           std::begin
In file included from /usr/include/c++/12/string:52,
                 from ex3.cpp:1:
/usr/include/c++/12/bits/range_access.h:114:37: note: ‘std::begin’ declared here
  114 |   template<typename _Tp> const _Tp* begin(const valarray<_Tp>&) noexcept;
      |                                     ^~~~~
ex3.cpp:44:59: error: ‘end’ was not declared in this scope; did you mean ‘std::end’?
   44 |     for(const auto& linha : Arquivo("/tmp/Arquivomfzez3bn"))
      |                                                           ^
      |                                                           std::end
/usr/include/c++/12/bits/range_access.h:116:37: note: ‘std::end’ declared here
  116 |   template<typename _Tp> const _Tp* end(const valarray<_Tp>&) noexcept;
      |                                     ^~~

#include<iostream>
int main() {
    for(const auto& linha : Arquivo("/tmp/Arquivo6n1s7a51"))
        std::cout << linha << std::endl;
    return 0;
}
main -> modi
ERRO: Erro de compilação: 256
ex3.cpp: In constructor ‘Arquivo::Arquivo(std::string)’:
ex3.cpp:10:34: error: variable ‘std::ifstream arq’ has initializer but incomplete type
   10 |         std::ifstream arq(arquivo);
      |                                  ^
ex3.cpp:18:18: error: ‘cerr’ is not a member of ‘std’
   18 |             std::cerr << "Erro ao abrir o arquivo!" << std::endl;
      |                  ^~~~
ex3.cpp:2:1: note: ‘std::cerr’ is defined in header ‘<iostream>’; did you forget to ‘#include <iostream>’?
    1 | #include <string>
  +++ |+#include <iostream>
    2 | 
ex3.cpp:18:61: error: ‘endl’ is not a member of ‘std’
   18 |             std::cerr << "Erro ao abrir o arquivo!" << std::endl;
      |                                                             ^~~~
ex3.cpp:2:1: note: ‘std::endl’ is defined in header ‘<ostream>’; did you forget to ‘#include <ostream>’?
    1 | #include <string>
  +++ |+#include <ostream>
    2 | 
ex3.cpp: In function ‘int main()’:
ex3.cpp:44:59: error: ‘begin’ was not declared in this scope; did you mean ‘std::begin’?
   44 |     for(const auto& linha : Arquivo("/tmp/Arquivo6n1s7a51"))
      |                                                           ^
      |                                                           std::begin
In file included from /usr/include/c++/12/string:52,
                 from ex3.cpp:1:
/usr/include/c++/12/bits/range_access.h:114:37: note: ‘std::begin’ declared here
  114 |   template<typename _Tp> const _Tp* begin(const valarray<_Tp>&) noexcept;
      |                                     ^~~~~
ex3.cpp:44:59: error: ‘end’ was not declared in this scope; did you mean ‘std::end’?
   44 |     for(const auto& linha : Arquivo("/tmp/Arquivo6n1s7a51"))
      |                                                           ^
      |                                                           std::end
/usr/include/c++/12/bits/range_access.h:116:37: note: ‘std::end’ declared here
  116 |   template<typename _Tp> const _Tp* end(const valarray<_Tp>&) noexcept;
      |                                     ^~~

#include<iostream>
int main() {
    for(const auto& linha : Arquivo("/tmp/Arquivoif_7ydok"))
        std::cout << linha << std::endl;
    return 0;
}
main -> suscipit
ERRO: Erro de compilação: 256
ex3.cpp: In constructor ‘Arquivo::Arquivo(std::string)’:
ex3.cpp:10:34: error: variable ‘std::ifstream arq’ has initializer but incomplete type
   10 |         std::ifstream arq(arquivo);
      |                                  ^
ex3.cpp:18:18: error: ‘cerr’ is not a member of ‘std’
   18 |             std::cerr << "Erro ao abrir o arquivo!" << std::endl;
      |                  ^~~~
ex3.cpp:2:1: note: ‘std::cerr’ is defined in header ‘<iostream>’; did you forget to ‘#include <iostream>’?
    1 | #include <string>
  +++ |+#include <iostream>
    2 | 
ex3.cpp:18:61: error: ‘endl’ is not a member of ‘std’
   18 |             std::cerr << "Erro ao abrir o arquivo!" << std::endl;
      |                                                             ^~~~
ex3.cpp:2:1: note: ‘std::endl’ is defined in header ‘<ostream>’; did you forget to ‘#include <ostream>’?
    1 | #include <string>
  +++ |+#include <ostream>
    2 | 
ex3.cpp: In function ‘int main()’:
ex3.cpp:44:59: error: ‘begin’ was not declared in this scope; did you mean ‘std::begin’?
   44 |     for(const auto& linha : Arquivo("/tmp/Arquivoif_7ydok"))
      |                                                           ^
      |                                                           std::begin
In file included from /usr/include/c++/12/string:52,
                 from ex3.cpp:1:
/usr/include/c++/12/bits/range_access.h:114:37: note: ‘std::begin’ declared here
  114 |   template<typename _Tp> const _Tp* begin(const valarray<_Tp>&) noexcept;
      |                                     ^~~~~
ex3.cpp:44:59: error: ‘end’ was not declared in this scope; did you mean ‘std::end’?
   44 |     for(const auto& linha : Arquivo("/tmp/Arquivoif_7ydok"))
      |                                                           ^
      |                                                           std::end
/usr/include/c++/12/bits/range_access.h:116:37: note: ‘std::end’ declared here
  116 |   template<typename _Tp> const _Tp* end(const valarray<_Tp>&) noexcept;
      |                                     ^~~

#include<iostream>
int main() {
    for(const auto& linha : Arquivo("/tmp/Arquivovuq_rual"))
        std::cout << linha << std::endl;
    return 0;
}
main -> minus
ERRO: Erro de compilação: 256
ex3.cpp: In constructor ‘Arquivo::Arquivo(std::string)’:
ex3.cpp:10:34: error: variable ‘std::ifstream arq’ has initializer but incomplete type
   10 |         std::ifstream arq(arquivo);
      |                                  ^
ex3.cpp:18:18: error: ‘cerr’ is not a member of ‘std’
   18 |             std::cerr << "Erro ao abrir o arquivo!" << std::endl;
      |                  ^~~~
ex3.cpp:2:1: note: ‘std::cerr’ is defined in header ‘<iostream>’; did you forget to ‘#include <iostream>’?
    1 | #include <string>
  +++ |+#include <iostream>
    2 | 
ex3.cpp:18:61: error: ‘endl’ is not a member of ‘std’
   18 |             std::cerr << "Erro ao abrir o arquivo!" << std::endl;
      |                                                             ^~~~
ex3.cpp:2:1: note: ‘std::endl’ is defined in header ‘<ostream>’; did you forget to ‘#include <ostream>’?
    1 | #include <string>
  +++ |+#include <ostream>
    2 | 
ex3.cpp: In function ‘int main()’:
ex3.cpp:44:59: error: ‘begin’ was not declared in this scope; did you mean ‘std::begin’?
   44 |     for(const auto& linha : Arquivo("/tmp/Arquivovuq_rual"))
      |                                                           ^
      |                                                           std::begin
In file included from /usr/include/c++/12/string:52,
                 from ex3.cpp:1:
/usr/include/c++/12/bits/range_access.h:114:37: note: ‘std::begin’ declared here
  114 |   template<typename _Tp> const _Tp* begin(const valarray<_Tp>&) noexcept;
      |                                     ^~~~~
ex3.cpp:44:59: error: ‘end’ was not declared in this scope; did you mean ‘std::end’?
   44 |     for(const auto& linha : Arquivo("/tmp/Arquivovuq_rual"))
      |                                                           ^
      |                                                           std::end
/usr/include/c++/12/bits/range_access.h:116:37: note: ‘std::end’ declared here
  116 |   template<typename _Tp> const _Tp* end(const valarray<_Tp>&) noexcept;
      |                                     ^~~

#include<iostream>
int main() {
    for(const auto& linha : Arquivo("/tmp/Arquivos6ikqppo"))
        std::cout << linha << std::endl;
    return 0;
}
main -> aliquam
ERRO: Erro de compilação: 256
ex3.cpp: In constructor ‘Arquivo::Arquivo(std::string)’:
ex3.cpp:10:34: error: variable ‘std::ifstream arq’ has initializer but incomplete type
   10 |         std::ifstream arq(arquivo);
      |                                  ^
ex3.cpp:18:18: error: ‘cerr’ is not a member of ‘std’
   18 |             std::cerr << "Erro ao abrir o arquivo!" << std::endl;
      |                  ^~~~
ex3.cpp:2:1: note: ‘std::cerr’ is defined in header ‘<iostream>’; did you forget to ‘#include <iostream>’?
    1 | #include <string>
  +++ |+#include <iostream>
    2 | 
ex3.cpp:18:61: error: ‘endl’ is not a member of ‘std’
   18 |             std::cerr << "Erro ao abrir o arquivo!" << std::endl;
      |                                                             ^~~~
ex3.cpp:2:1: note: ‘std::endl’ is defined in header ‘<ostream>’; did you forget to ‘#include <ostream>’?
    1 | #include <string>
  +++ |+#include <ostream>
    2 | 
ex3.cpp: In function ‘int main()’:
ex3.cpp:44:59: error: ‘begin’ was not declared in this scope; did you mean ‘std::begin’?
   44 |     for(const auto& linha : Arquivo("/tmp/Arquivos6ikqppo"))
      |                                                           ^
      |                                                           std::begin
In file included from /usr/include/c++/12/string:52,
                 from ex3.cpp:1:
/usr/include/c++/12/bits/range_access.h:114:37: note: ‘std::begin’ declared here
  114 |   template<typename _Tp> const _Tp* begin(const valarray<_Tp>&) noexcept;
      |                                     ^~~~~
ex3.cpp:44:59: error: ‘end’ was not declared in this scope; did you mean ‘std::end’?
   44 |     for(const auto& linha : Arquivo("/tmp/Arquivos6ikqppo"))
      |                                                           ^
      |                                                           std::end
/usr/include/c++/12/bits/range_access.h:116:37: note: ‘std::end’ declared here
  116 |   template<typename _Tp> const _Tp* end(const valarray<_Tp>&) noexcept;
      |                                     ^~~

#include<iostream>
int main() {
    for(const auto& linha : Arquivo("/tmp/Arquivouwzrckp8"))
        std::cout << linha << std::endl;
    return 0;
}
main -> asperiores
ERRO: Erro de compilação: 256
ex3.cpp: In constructor ‘Arquivo::Arquivo(std::string)’:
ex3.cpp:10:34: error: variable ‘std::ifstream arq’ has initializer but incomplete type
   10 |         std::ifstream arq(arquivo);
      |                                  ^
ex3.cpp:18:18: error: ‘cerr’ is not a member of ‘std’
   18 |             std::cerr << "Erro ao abrir o arquivo!" << std::endl;
      |                  ^~~~
ex3.cpp:2:1: note: ‘std::cerr’ is defined in header ‘<iostream>’; did you forget to ‘#include <iostream>’?
    1 | #include <string>
  +++ |+#include <iostream>
    2 | 
ex3.cpp:18:61: error: ‘endl’ is not a member of ‘std’
   18 |             std::cerr << "Erro ao abrir o arquivo!" << std::endl;
      |                                                             ^~~~
ex3.cpp:2:1: note: ‘std::endl’ is defined in header ‘<ostream>’; did you forget to ‘#include <ostream>’?
    1 | #include <string>
  +++ |+#include <ostream>
    2 | 
ex3.cpp: In function ‘int main()’:
ex3.cpp:44:59: error: ‘begin’ was not declared in this scope; did you mean ‘std::begin’?
   44 |     for(const auto& linha : Arquivo("/tmp/Arquivouwzrckp8"))
      |                                                           ^
      |                                                           std::begin
In file included from /usr/include/c++/12/string:52,
                 from ex3.cpp:1:
/usr/include/c++/12/bits/range_access.h:114:37: note: ‘std::begin’ declared here
  114 |   template<typename _Tp> const _Tp* begin(const valarray<_Tp>&) noexcept;
      |                                     ^~~~~
ex3.cpp:44:59: error: ‘end’ was not declared in this scope; did you mean ‘std::end’?
   44 |     for(const auto& linha : Arquivo("/tmp/Arquivouwzrckp8"))
      |                                                           ^
      |                                                           std::end
/usr/include/c++/12/bits/range_access.h:116:37: note: ‘std::end’ declared here
  116 |   template<typename _Tp> const _Tp* end(const valarray<_Tp>&) noexcept;
      |                                     ^~~

#include<iostream>
int main() {
    for(const auto& linha : Arquivo("/tmp/Arquivo4qhpdx0y"))
        std::cout << linha << std::endl;
    return 0;
}
main -> ratione
ERRO: Erro de compilação: 256
ex3.cpp: In constructor ‘Arquivo::Arquivo(std::string)’:
ex3.cpp:10:34: error: variable ‘std::ifstream arq’ has initializer but incomplete type
   10 |         std::ifstream arq(arquivo);
      |                                  ^
ex3.cpp:18:18: error: ‘cerr’ is not a member of ‘std’
   18 |             std::cerr << "Erro ao abrir o arquivo!" << std::endl;
      |                  ^~~~
ex3.cpp:2:1: note: ‘std::cerr’ is defined in header ‘<iostream>’; did you forget to ‘#include <iostream>’?
    1 | #include <string>
  +++ |+#include <iostream>
    2 | 
ex3.cpp:18:61: error: ‘endl’ is not a member of ‘std’
   18 |             std::cerr << "Erro ao abrir o arquivo!" << std::endl;
      |                                                             ^~~~
ex3.cpp:2:1: note: ‘std::endl’ is defined in header ‘<ostream>’; did you forget to ‘#include <ostream>’?
    1 | #include <string>
  +++ |+#include <ostream>
    2 | 
ex3.cpp: In function ‘int main()’:
ex3.cpp:44:59: error: ‘begin’ was not declared in this scope; did you mean ‘std::begin’?
   44 |     for(const auto& linha : Arquivo("/tmp/Arquivo4qhpdx0y"))
      |                                                           ^
      |                                                           std::begin
In file included from /usr/include/c++/12/string:52,
                 from ex3.cpp:1:
/usr/include/c++/12/bits/range_access.h:114:37: note: ‘std::begin’ declared here
  114 |   template<typename _Tp> const _Tp* begin(const valarray<_Tp>&) noexcept;
      |                                     ^~~~~
ex3.cpp:44:59: error: ‘end’ was not declared in this scope; did you mean ‘std::end’?
   44 |     for(const auto& linha : Arquivo("/tmp/Arquivo4qhpdx0y"))
      |                                                           ^
      |                                                           std::end
/usr/include/c++/12/bits/range_access.h:116:37: note: ‘std::end’ declared here
  116 |   template<typename _Tp> const _Tp* end(const valarray<_Tp>&) noexcept;
      |                                     ^~~

#include<iostream>
int main() {
    for(const auto& linha : Arquivo("/tmp/Arquivolm9ghg8u"))
        std::cout << linha << std::endl;
    return 0;
}
main -> ab
ERRO: Erro de compilação: 256
ex3.cpp: In constructor ‘Arquivo::Arquivo(std::string)’:
ex3.cpp:10:34: error: variable ‘std::ifstream arq’ has initializer but incomplete type
   10 |         std::ifstream arq(arquivo);
      |                                  ^
ex3.cpp:18:18: error: ‘cerr’ is not a member of ‘std’
   18 |             std::cerr << "Erro ao abrir o arquivo!" << std::endl;
      |                  ^~~~
ex3.cpp:2:1: note: ‘std::cerr’ is defined in header ‘<iostream>’; did you forget to ‘#include <iostream>’?
    1 | #include <string>
  +++ |+#include <iostream>
    2 | 
ex3.cpp:18:61: error: ‘endl’ is not a member of ‘std’
   18 |             std::cerr << "Erro ao abrir o arquivo!" << std::endl;
      |                                                             ^~~~
ex3.cpp:2:1: note: ‘std::endl’ is defined in header ‘<ostream>’; did you forget to ‘#include <ostream>’?
    1 | #include <string>
  +++ |+#include <ostream>
    2 | 
ex3.cpp: In function ‘int main()’:
ex3.cpp:44:59: error: ‘begin’ was not declared in this scope; did you mean ‘std::begin’?
   44 |     for(const auto& linha : Arquivo("/tmp/Arquivolm9ghg8u"))
      |                                                           ^
      |                                                           std::begin
In file included from /usr/include/c++/12/string:52,
                 from ex3.cpp:1:
/usr/include/c++/12/bits/range_access.h:114:37: note: ‘std::begin’ declared here
  114 |   template<typename _Tp> const _Tp* begin(const valarray<_Tp>&) noexcept;
      |                                     ^~~~~
ex3.cpp:44:59: error: ‘end’ was not declared in this scope; did you mean ‘std::end’?
   44 |     for(const auto& linha : Arquivo("/tmp/Arquivolm9ghg8u"))
      |                                                           ^
      |                                                           std::end
/usr/include/c++/12/bits/range_access.h:116:37: note: ‘std::end’ declared here
  116 |   template<typename _Tp> const _Tp* end(const valarray<_Tp>&) noexcept;
      |                                     ^~~

#include<iostream>
int main() {
    for(const auto& linha : Arquivo("/tmp/Arquivo7_o444i5"))
        std::cout << linha << std::endl;
    return 0;
}
main -> minus
ERRO: Erro de compilação: 256
ex3.cpp: In constructor ‘Arquivo::Arquivo(std::string)’:
ex3.cpp:10:34: error: variable ‘std::ifstream arq’ has initializer but incomplete type
   10 |         std::ifstream arq(arquivo);
      |                                  ^
ex3.cpp:18:18: error: ‘cerr’ is not a member of ‘std’
   18 |             std::cerr << "Erro ao abrir o arquivo!" << std::endl;
      |                  ^~~~
ex3.cpp:2:1: note: ‘std::cerr’ is defined in header ‘<iostream>’; did you forget to ‘#include <iostream>’?
    1 | #include <string>
  +++ |+#include <iostream>
    2 | 
ex3.cpp:18:61: error: ‘endl’ is not a member of ‘std’
   18 |             std::cerr << "Erro ao abrir o arquivo!" << std::endl;
      |                                                             ^~~~
ex3.cpp:2:1: note: ‘std::endl’ is defined in header ‘<ostream>’; did you forget to ‘#include <ostream>’?
    1 | #include <string>
  +++ |+#include <ostream>
    2 | 
ex3.cpp: In function ‘int main()’:
ex3.cpp:44:59: error: ‘begin’ was not declared in this scope; did you mean ‘std::begin’?
   44 |     for(const auto& linha : Arquivo("/tmp/Arquivo7_o444i5"))
      |                                                           ^
      |                                                           std::begin
In file included from /usr/include/c++/12/string:52,
                 from ex3.cpp:1:
/usr/include/c++/12/bits/range_access.h:114:37: note: ‘std::begin’ declared here
  114 |   template<typename _Tp> const _Tp* begin(const valarray<_Tp>&) noexcept;
      |                                     ^~~~~
ex3.cpp:44:59: error: ‘end’ was not declared in this scope; did you mean ‘std::end’?
   44 |     for(const auto& linha : Arquivo("/tmp/Arquivo7_o444i5"))
      |                                                           ^
      |                                                           std::end
/usr/include/c++/12/bits/range_access.h:116:37: note: ‘std::end’ declared here
  116 |   template<typename _Tp> const _Tp* end(const valarray<_Tp>&) noexcept;
      |                                     ^~~

#include<iostream>
int main() {
    for(const auto& linha : Arquivo("/tmp/Arquivoasen4j49"))
        std::cout << linha << std::endl;
    return 0;
}
main -> quasi
ERRO: Erro de compilação: 256
ex3.cpp: In constructor ‘Arquivo::Arquivo(std::string)’:
ex3.cpp:10:34: error: variable ‘std::ifstream arq’ has initializer but incomplete type
   10 |         std::ifstream arq(arquivo);
      |                                  ^
ex3.cpp:18:18: error: ‘cerr’ is not a member of ‘std’
   18 |             std::cerr << "Erro ao abrir o arquivo!" << std::endl;
      |                  ^~~~
ex3.cpp:2:1: note: ‘std::cerr’ is defined in header ‘<iostream>’; did you forget to ‘#include <iostream>’?
    1 | #include <string>
  +++ |+#include <iostream>
    2 | 
ex3.cpp:18:61: error: ‘endl’ is not a member of ‘std’
   18 |             std::cerr << "Erro ao abrir o arquivo!" << std::endl;
      |                                                             ^~~~
ex3.cpp:2:1: note: ‘std::endl’ is defined in header ‘<ostream>’; did you forget to ‘#include <ostream>’?
    1 | #include <string>
  +++ |+#include <ostream>
    2 | 
ex3.cpp: In function ‘int main()’:
ex3.cpp:44:59: error: ‘begin’ was not declared in this scope; did you mean ‘std::begin’?
   44 |     for(const auto& linha : Arquivo("/tmp/Arquivoasen4j49"))
      |                                                           ^
      |                                                           std::begin
In file included from /usr/include/c++/12/string:52,
                 from ex3.cpp:1:
/usr/include/c++/12/bits/range_access.h:114:37: note: ‘std::begin’ declared here
  114 |   template<typename _Tp> const _Tp* begin(const valarray<_Tp>&) noexcept;
      |                                     ^~~~~
ex3.cpp:44:59: error: ‘end’ was not declared in this scope; did you mean ‘std::end’?
   44 |     for(const auto& linha : Arquivo("/tmp/Arquivoasen4j49"))
      |                                                           ^
      |                                                           std::end
/usr/include/c++/12/bits/range_access.h:116:37: note: ‘std::end’ declared here
  116 |   template<typename _Tp> const _Tp* end(const valarray<_Tp>&) noexcept;
      |                                     ^~~

#include<iostream>
int main() {
    for(const auto& linha : Arquivo("/tmp/Arquivoqsnnisum"))
        std::cout << linha << std::endl;
    return 0;
}
main -> harum
ERRO: Erro de compilação: 256
ex3.cpp: In constructor ‘Arquivo::Arquivo(std::string)’:
ex3.cpp:10:34: error: variable ‘std::ifstream arq’ has initializer but incomplete type
   10 |         std::ifstream arq(arquivo);
      |                                  ^
ex3.cpp:18:18: error: ‘cerr’ is not a member of ‘std’
   18 |             std::cerr << "Erro ao abrir o arquivo!" << std::endl;
      |                  ^~~~
ex3.cpp:2:1: note: ‘std::cerr’ is defined in header ‘<iostream>’; did you forget to ‘#include <iostream>’?
    1 | #include <string>
  +++ |+#include <iostream>
    2 | 
ex3.cpp:18:61: error: ‘endl’ is not a member of ‘std’
   18 |             std::cerr << "Erro ao abrir o arquivo!" << std::endl;
      |                                                             ^~~~
ex3.cpp:2:1: note: ‘std::endl’ is defined in header ‘<ostream>’; did you forget to ‘#include <ostream>’?
    1 | #include <string>
  +++ |+#include <ostream>
    2 | 
ex3.cpp: In function ‘int main()’:
ex3.cpp:44:59: error: ‘begin’ was not declared in this scope; did you mean ‘std::begin’?
   44 |     for(const auto& linha : Arquivo("/tmp/Arquivoqsnnisum"))
      |                                                           ^
      |                                                           std::begin
In file included from /usr/include/c++/12/string:52,
                 from ex3.cpp:1:
/usr/include/c++/12/bits/range_access.h:114:37: note: ‘std::begin’ declared here
  114 |   template<typename _Tp> const _Tp* begin(const valarray<_Tp>&) noexcept;
      |                                     ^~~~~
ex3.cpp:44:59: error: ‘end’ was not declared in this scope; did you mean ‘std::end’?
   44 |     for(const auto& linha : Arquivo("/tmp/Arquivoqsnnisum"))
      |                                                           ^
      |                                                           std::end
/usr/include/c++/12/bits/range_access.h:116:37: note: ‘std::end’ declared here
  116 |   template<typename _Tp> const _Tp* end(const valarray<_Tp>&) noexcept;
      |                                     ^~~

Nota exercicio 3: 0.0
Nota total: 3.00
{"scores": {"ex1": 3.0, "ex2": 0.0, "ex3": 0.0}}
